  [1m[35m (521.9ms)[0m  [1m[35mCREATE DATABASE "pinterest_development" ENCODING = 'unicode'[0m
  ↳ /var/lib/gems/2.5.0/gems/rake-12.3.3/lib/rake/task.rb:273
  [1m[35m (609.8ms)[0m  [1m[35mCREATE DATABASE "pinterest_test" ENCODING = 'unicode'[0m
  ↳ /var/lib/gems/2.5.0/gems/rake-12.3.3/lib/rake/task.rb:273
  [1m[35m (175.5ms)[0m  [1m[35mCREATE TABLE "schema_migrations" ("version" character varying NOT NULL PRIMARY KEY)[0m
  ↳ /var/lib/gems/2.5.0/gems/rake-12.3.3/lib/rake/task.rb:273
  [1m[35m (93.9ms)[0m  [1m[35mCREATE TABLE "ar_internal_metadata" ("key" character varying NOT NULL PRIMARY KEY, "value" character varying, "created_at" timestamp NOT NULL, "updated_at" timestamp NOT NULL)[0m
  ↳ /var/lib/gems/2.5.0/gems/rake-12.3.3/lib/rake/task.rb:273
  [1m[35m (0.3ms)[0m  [1m[34mSELECT pg_try_advisory_lock(1258745199369025620)[0m
  ↳ /var/lib/gems/2.5.0/gems/rake-12.3.3/lib/rake/task.rb:273
  [1m[35m (2.1ms)[0m  [1m[34mSELECT "schema_migrations"."version" FROM "schema_migrations" ORDER BY "schema_migrations"."version" ASC[0m
  ↳ /var/lib/gems/2.5.0/gems/rake-12.3.3/lib/rake/task.rb:273
Migrating to CreateUsers (20190902194020)
  [1m[35m (0.3ms)[0m  [1m[35mBEGIN[0m
  ↳ /var/lib/gems/2.5.0/gems/rake-12.3.3/lib/rake/task.rb:273
  [1m[35m (68.0ms)[0m  [1m[35mCREATE TABLE "users" ("id" bigserial primary key, "username" character varying NOT NULL, "email" character varying NOT NULL, "password_digest" character varying NOT NULL, "session_token" character varying NOT NULL, "created_at" timestamp NOT NULL, "updated_at" timestamp NOT NULL)[0m
  ↳ db/migrate/20190902194020_create_users.rb:3
  [1m[35m (27.6ms)[0m  [1m[35mCREATE UNIQUE INDEX  "index_users_on_username" ON "users"  ("username")[0m
  ↳ db/migrate/20190902194020_create_users.rb:11
  [1m[36mActiveRecord::SchemaMigration Create (0.5ms)[0m  [1m[32mINSERT INTO "schema_migrations" ("version") VALUES ($1) RETURNING "version"[0m  [["version", "20190902194020"]]
  ↳ /var/lib/gems/2.5.0/gems/rake-12.3.3/lib/rake/task.rb:273
  [1m[35m (25.1ms)[0m  [1m[35mCOMMIT[0m
  ↳ /var/lib/gems/2.5.0/gems/rake-12.3.3/lib/rake/task.rb:273
  [1m[36mActiveRecord::InternalMetadata Load (0.8ms)[0m  [1m[34mSELECT  "ar_internal_metadata".* FROM "ar_internal_metadata" WHERE "ar_internal_metadata"."key" = $1 LIMIT $2[0m  [["key", "environment"], ["LIMIT", 1]]
  ↳ /var/lib/gems/2.5.0/gems/rake-12.3.3/lib/rake/task.rb:273
  [1m[35m (1.2ms)[0m  [1m[35mBEGIN[0m
  ↳ /var/lib/gems/2.5.0/gems/rake-12.3.3/lib/rake/task.rb:273
  [1m[36mActiveRecord::InternalMetadata Create (0.7ms)[0m  [1m[32mINSERT INTO "ar_internal_metadata" ("key", "value", "created_at", "updated_at") VALUES ($1, $2, $3, $4) RETURNING "key"[0m  [["key", "environment"], ["value", "development"], ["created_at", "2019-09-02 20:38:42.825172"], ["updated_at", "2019-09-02 20:38:42.825172"]]
  ↳ /var/lib/gems/2.5.0/gems/rake-12.3.3/lib/rake/task.rb:273
  [1m[35m (16.5ms)[0m  [1m[35mCOMMIT[0m
  ↳ /var/lib/gems/2.5.0/gems/rake-12.3.3/lib/rake/task.rb:273
  [1m[35m (0.5ms)[0m  [1m[34mSELECT pg_advisory_unlock(1258745199369025620)[0m
  ↳ /var/lib/gems/2.5.0/gems/rake-12.3.3/lib/rake/task.rb:273
  [1m[35m (0.4ms)[0m  [1m[34mSELECT "schema_migrations"."version" FROM "schema_migrations" ORDER BY "schema_migrations"."version" ASC[0m
  ↳ /var/lib/gems/2.5.0/gems/rake-12.3.3/lib/rake/task.rb:273
  [1m[35m (0.7ms)[0m  [1m[34mSELECT "schema_migrations"."version" FROM "schema_migrations" ORDER BY "schema_migrations"."version" ASC[0m
  ↳ /var/lib/gems/2.5.0/gems/rake-12.3.3/lib/rake/task.rb:273
  [1m[35m (0.9ms)[0m  [1m[34mSELECT "schema_migrations"."version" FROM "schema_migrations" ORDER BY "schema_migrations"."version" ASC[0m
  ↳ /var/lib/gems/2.5.0/gems/annotate-2.7.5/lib/annotate/annotate_models.rb:779
Started GET "/" for ::1 at 2019-09-02 16:24:43 -0700
  [1m[35m (1.4ms)[0m  [1m[34mSELECT "schema_migrations"."version" FROM "schema_migrations" ORDER BY "schema_migrations"."version" ASC[0m
  ↳ /var/lib/gems/2.5.0/gems/better_errors-2.5.1/lib/better_errors/middleware.rb:84
Processing by StaticPagesController#root as HTML
  Rendering static_pages/root.html.erb within layouts/application
  Rendered static_pages/root.html.erb within layouts/application (6.0ms)
Completed 200 OK in 124ms (Views: 118.5ms | ActiveRecord: 0.0ms)


Started GET "/" for ::1 at 2019-09-02 16:25:55 -0700
Processing by StaticPagesController#root as HTML
  Rendering static_pages/root.html.erb within layouts/application
  Rendered static_pages/root.html.erb within layouts/application (0.7ms)
Completed 200 OK in 8ms (Views: 7.3ms | ActiveRecord: 0.0ms)


Started GET "/" for ::1 at 2019-09-02 16:26:05 -0700
Processing by StaticPagesController#root as HTML
  Rendering static_pages/root.html.erb within layouts/application
  Rendered static_pages/root.html.erb within layouts/application (0.6ms)
Completed 200 OK in 6ms (Views: 5.3ms | ActiveRecord: 0.0ms)


Started GET "/" for ::1 at 2019-09-02 16:26:40 -0700
Processing by StaticPagesController#root as HTML
  Rendering static_pages/root.html.erb within layouts/application
  Rendered static_pages/root.html.erb within layouts/application (0.7ms)
Completed 500 Internal Server Error in 679ms (ActiveRecord: 0.0ms)



Sprockets::FileNotFound - couldn't find file 'jquery' with type 'application/javascript'
Checked in these paths: 
  /home/abby/Abby/App Academy/Immersive_Week_05/pinterest_clone_project/pinterest/app/assets/config
  /home/abby/Abby/App Academy/Immersive_Week_05/pinterest_clone_project/pinterest/app/assets/images
  /home/abby/Abby/App Academy/Immersive_Week_05/pinterest_clone_project/pinterest/app/assets/javascripts
  /home/abby/Abby/App Academy/Immersive_Week_05/pinterest_clone_project/pinterest/app/assets/stylesheets
  /var/lib/gems/2.5.0/gems/coffee-rails-4.2.2/lib/assets/javascripts
  /home/abby/.gem/ruby/2.5.0/gems/actioncable-5.2.3/lib/assets/compiled
  /home/abby/.gem/ruby/2.5.0/gems/activestorage-5.2.3/app/assets/javascripts
  /home/abby/.gem/ruby/2.5.0/gems/actionview-5.2.3/lib/assets/compiled
  /home/abby/Abby/App Academy/Immersive_Week_05/pinterest_clone_project/pinterest/node_modules:
  app/views/layouts/application.html.erb:8:in `_app_views_layouts_application_html_erb___942820440699684850_70270765270460'

Started POST "/__better_errors/dc367942e264ea07/variables" for ::1 at 2019-09-02 16:26:42 -0700
Started GET "/" for ::1 at 2019-09-02 16:27:25 -0700
Processing by StaticPagesController#root as HTML
  Rendering static_pages/root.html.erb within layouts/application
  Rendered static_pages/root.html.erb within layouts/application (0.6ms)
Completed 500 Internal Server Error in 56ms (ActiveRecord: 0.0ms)



Sprockets::FileNotFound - couldn't find file 'jquery' with type 'application/javascript'
Checked in these paths: 
  /home/abby/Abby/App Academy/Immersive_Week_05/pinterest_clone_project/pinterest/app/assets/config
  /home/abby/Abby/App Academy/Immersive_Week_05/pinterest_clone_project/pinterest/app/assets/images
  /home/abby/Abby/App Academy/Immersive_Week_05/pinterest_clone_project/pinterest/app/assets/javascripts
  /home/abby/Abby/App Academy/Immersive_Week_05/pinterest_clone_project/pinterest/app/assets/stylesheets
  /var/lib/gems/2.5.0/gems/coffee-rails-4.2.2/lib/assets/javascripts
  /home/abby/.gem/ruby/2.5.0/gems/actioncable-5.2.3/lib/assets/compiled
  /home/abby/.gem/ruby/2.5.0/gems/activestorage-5.2.3/app/assets/javascripts
  /home/abby/.gem/ruby/2.5.0/gems/actionview-5.2.3/lib/assets/compiled
  /home/abby/Abby/App Academy/Immersive_Week_05/pinterest_clone_project/pinterest/node_modules:
  app/views/layouts/application.html.erb:9:in `_app_views_layouts_application_html_erb___942820440699684850_70270776778260'

Started POST "/__better_errors/696a85187b24707c/variables" for ::1 at 2019-09-02 16:27:26 -0700
Started GET "/" for ::1 at 2019-09-02 16:33:24 -0700
  [1m[35m (2.1ms)[0m  [1m[34mSELECT "schema_migrations"."version" FROM "schema_migrations" ORDER BY "schema_migrations"."version" ASC[0m
  ↳ /var/lib/gems/2.5.0/gems/better_errors-2.5.1/lib/better_errors/middleware.rb:84
Processing by StaticPagesController#root as HTML
  Rendering static_pages/root.html.erb within layouts/application
  Rendered static_pages/root.html.erb within layouts/application (6.8ms)
Started GET "/" for ::1 at 2019-09-02 16:33:30 -0700
Processing by StaticPagesController#root as HTML
  Rendering static_pages/root.html.erb within layouts/application
  Rendered static_pages/root.html.erb within layouts/application (2.8ms)
Started GET "/" for ::1 at 2019-09-02 16:33:34 -0700
Processing by StaticPagesController#root as HTML
  Rendering static_pages/root.html.erb within layouts/application
  Rendered static_pages/root.html.erb within layouts/application (4.6ms)
Completed 200 OK in 13082ms (Views: 13074.8ms | ActiveRecord: 0.0ms)


Completed 200 OK in 8506ms (Views: 8500.8ms | ActiveRecord: 0.0ms)


Completed 200 OK in 5878ms (Views: 5864.9ms | ActiveRecord: 0.0ms)


Started GET "/" for ::1 at 2019-09-03 15:12:36 -0700
  [1m[35m (78.3ms)[0m  [1m[34mSELECT "schema_migrations"."version" FROM "schema_migrations" ORDER BY "schema_migrations"."version" ASC[0m
  ↳ /var/lib/gems/2.5.0/gems/better_errors-2.5.1/lib/better_errors/middleware.rb:84
Processing by StaticPagesController#root as HTML
  Rendering static_pages/root.html.erb within layouts/application
  Rendered static_pages/root.html.erb within layouts/application (32.4ms)
Started GET "/" for ::1 at 2019-09-03 15:12:41 -0700
Processing by StaticPagesController#root as HTML
  Rendering static_pages/root.html.erb within layouts/application
  Rendered static_pages/root.html.erb within layouts/application (2.1ms)
Completed 200 OK in 17792ms (Views: 17680.4ms | ActiveRecord: 0.0ms)


Completed 200 OK in 16359ms (Views: 16357.4ms | ActiveRecord: 0.0ms)


Started POST "/api/users" for ::1 at 2019-09-03 16:08:21 -0700
Processing by Api::UsersController#create as 
  Parameters: {"user"=>{"username"=>"bagel", "email"=>"string1", "password"=>"[FILTERED]"}}
  [1m[35m (0.2ms)[0m  [1m[35mBEGIN[0m
  ↳ app/controllers/api/users_controller.rb:10
  [1m[36mUser Exists (46.8ms)[0m  [1m[34mSELECT  1 AS one FROM "users" WHERE "users"."username" = $1 LIMIT $2[0m  [["username", "bagel"], ["LIMIT", 1]]
  ↳ app/controllers/api/users_controller.rb:10
  [1m[36mUser Exists (0.8ms)[0m  [1m[34mSELECT  1 AS one FROM "users" WHERE "users"."email" = $1 LIMIT $2[0m  [["email", "string1"], ["LIMIT", 1]]
  ↳ app/controllers/api/users_controller.rb:10
  [1m[36mUser Exists (0.8ms)[0m  [1m[34mSELECT  1 AS one FROM "users" WHERE "users"."session_token" = $1 LIMIT $2[0m  [["session_token", "Zlkhs2cIBKYoThC0pQan4g"], ["LIMIT", 1]]
  ↳ app/controllers/api/users_controller.rb:10
  [1m[36mUser Create (110.8ms)[0m  [1m[32mINSERT INTO "users" ("username", "email", "password_digest", "session_token", "created_at", "updated_at") VALUES ($1, $2, $3, $4, $5, $6) RETURNING "id"[0m  [["username", "bagel"], ["email", "string1"], ["password_digest", "$2a$12$qA24DNs8Q8MUlEZpoU3eY.pIn7DKGHP7XSTvwSbaW3PwrQq..VLui"], ["session_token", "Zlkhs2cIBKYoThC0pQan4g"], ["created_at", "2019-09-03 23:08:21.942796"], ["updated_at", "2019-09-03 23:08:21.942796"]]
  ↳ app/controllers/api/users_controller.rb:10
  [1m[35m (179.8ms)[0m  [1m[35mCOMMIT[0m
  ↳ app/controllers/api/users_controller.rb:10
  [1m[35m (0.3ms)[0m  [1m[35mBEGIN[0m
  ↳ app/models/user.rb:44
  [1m[36mUser Exists (1.2ms)[0m  [1m[34mSELECT  1 AS one FROM "users" WHERE "users"."username" = $1 AND "users"."id" != $2 LIMIT $3[0m  [["username", "bagel"], ["id", 1], ["LIMIT", 1]]
  ↳ app/models/user.rb:44
  [1m[36mUser Exists (0.9ms)[0m  [1m[34mSELECT  1 AS one FROM "users" WHERE "users"."email" = $1 AND "users"."id" != $2 LIMIT $3[0m  [["email", "string1"], ["id", 1], ["LIMIT", 1]]
  ↳ app/models/user.rb:44
  [1m[36mUser Exists (0.8ms)[0m  [1m[34mSELECT  1 AS one FROM "users" WHERE "users"."session_token" = $1 AND "users"."id" != $2 LIMIT $3[0m  [["session_token", "56cfhoWekv84nBKqr1tHeA"], ["id", 1], ["LIMIT", 1]]
  ↳ app/models/user.rb:44
  [1m[36mUser Update (1.1ms)[0m  [1m[33mUPDATE "users" SET "session_token" = $1, "updated_at" = $2 WHERE "users"."id" = $3[0m  [["session_token", "56cfhoWekv84nBKqr1tHeA"], ["updated_at", "2019-09-03 23:08:22.248761"], ["id", 1]]
  ↳ app/models/user.rb:44
  [1m[35m (40.2ms)[0m  [1m[35mCOMMIT[0m
  ↳ app/models/user.rb:44
  Rendering api/users/show.json.jbuilder
  Rendered api/users/_user.json.jbuilder (0.7ms)
  Rendered api/users/show.json.jbuilder (24.6ms)
Completed 200 OK in 1056ms (Views: 82.3ms | ActiveRecord: 629.4ms)


Started POST "/api/session" for ::1 at 2019-09-03 16:09:36 -0700
Processing by Api::SessionsController#create as 
  Parameters: {"user"=>{"username"=>"bagel", "email"=>"string1", "password"=>"[FILTERED]"}}
  [1m[36mUser Load (0.5ms)[0m  [1m[34mSELECT  "users".* FROM "users" WHERE "users"."email" = $1 LIMIT $2[0m  [["email", "string1"], ["LIMIT", 1]]
  ↳ app/models/user.rb:29
Completed 500 Internal Server Error in 551ms (ActiveRecord: 0.8ms)



NameError - undefined local variable or method `user' for #<Api::SessionsController:0x00007ff964128fd0>
Did you mean?  @user:
  app/controllers/api/sessions_controller.rb:12:in `create'

Started POST "/api/session" for ::1 at 2019-09-03 16:10:48 -0700
Processing by Api::SessionsController#create as 
  Parameters: {"user"=>{"email"=>"string1", "password"=>"[FILTERED]"}}
  [1m[36mUser Load (0.4ms)[0m  [1m[34mSELECT  "users".* FROM "users" WHERE "users"."email" = $1 LIMIT $2[0m  [["email", "string1"], ["LIMIT", 1]]
  ↳ app/models/user.rb:29
Completed 500 Internal Server Error in 442ms (ActiveRecord: 0.4ms)



NameError - undefined local variable or method `user' for #<Api::SessionsController:0x00007ff9697258c0>
Did you mean?  @user:
  app/controllers/api/sessions_controller.rb:12:in `create'

Started POST "/api/users" for ::1 at 2019-09-03 16:13:22 -0700
Processing by Api::UsersController#create as 
  Parameters: {"user"=>{"username"=>"bagel", "email"=>"string1", "password"=>"[FILTERED]"}}
  [1m[35m (0.1ms)[0m  [1m[35mBEGIN[0m
  ↳ app/controllers/api/users_controller.rb:10
  [1m[36mUser Exists (0.3ms)[0m  [1m[34mSELECT  1 AS one FROM "users" WHERE "users"."username" = $1 LIMIT $2[0m  [["username", "bagel"], ["LIMIT", 1]]
  ↳ app/controllers/api/users_controller.rb:10
  [1m[36mUser Exists (0.8ms)[0m  [1m[34mSELECT  1 AS one FROM "users" WHERE "users"."email" = $1 LIMIT $2[0m  [["email", "string1"], ["LIMIT", 1]]
  ↳ app/controllers/api/users_controller.rb:10
  [1m[36mUser Exists (0.7ms)[0m  [1m[34mSELECT  1 AS one FROM "users" WHERE "users"."session_token" = $1 LIMIT $2[0m  [["session_token", "oK_9bd1G6PmP8BdeChZR2w"], ["LIMIT", 1]]
  ↳ app/controllers/api/users_controller.rb:10
  [1m[35m (0.4ms)[0m  [1m[31mROLLBACK[0m
  ↳ app/controllers/api/users_controller.rb:10
Completed 422 Unprocessable Entity in 744ms (Views: 0.5ms | ActiveRecord: 2.3ms)


Started GET "/" for ::1 at 2019-09-03 16:28:06 -0700
  [1m[35m (42.2ms)[0m  [1m[34mSELECT "schema_migrations"."version" FROM "schema_migrations" ORDER BY "schema_migrations"."version" ASC[0m
  ↳ /var/lib/gems/2.5.0/gems/better_errors-2.5.1/lib/better_errors/middleware.rb:84
Processing by StaticPagesController#root as HTML
  Rendering static_pages/root.html.erb within layouts/application
  Rendered static_pages/root.html.erb within layouts/application (1.2ms)
Completed 200 OK in 1727ms (Views: 1725.0ms | ActiveRecord: 0.0ms)


Started GET "/" for ::1 at 2019-09-03 16:28:26 -0700
Processing by StaticPagesController#root as HTML
  Rendering static_pages/root.html.erb within layouts/application
  Rendered static_pages/root.html.erb within layouts/application (0.7ms)
Completed 200 OK in 519ms (Views: 515.7ms | ActiveRecord: 0.0ms)


Started GET "/" for ::1 at 2019-09-03 16:28:50 -0700
Processing by StaticPagesController#root as HTML
  Rendering static_pages/root.html.erb within layouts/application
  Rendered static_pages/root.html.erb within layouts/application (0.4ms)
Completed 200 OK in 531ms (Views: 528.7ms | ActiveRecord: 0.0ms)


Started GET "/" for ::1 at 2019-09-03 16:29:20 -0700
Processing by StaticPagesController#root as HTML
  Rendering static_pages/root.html.erb within layouts/application
  Rendered static_pages/root.html.erb within layouts/application (0.6ms)
Completed 200 OK in 545ms (Views: 543.5ms | ActiveRecord: 0.0ms)


Started GET "/" for ::1 at 2019-09-03 16:30:05 -0700
Processing by StaticPagesController#root as HTML
  Rendering static_pages/root.html.erb within layouts/application
  Rendered static_pages/root.html.erb within layouts/application (0.6ms)
Completed 200 OK in 509ms (Views: 507.0ms | ActiveRecord: 0.0ms)


Started POST "/api/users" for ::1 at 2019-09-03 16:30:41 -0700
Processing by Api::UsersController#create as 
  Parameters: {"user"=>{"username"=>"bagel", "email"=>"string1", "password"=>"[FILTERED]"}}
  [1m[35m (0.2ms)[0m  [1m[35mBEGIN[0m
  ↳ app/controllers/api/users_controller.rb:10
  [1m[36mUser Exists (1.7ms)[0m  [1m[34mSELECT  1 AS one FROM "users" WHERE "users"."username" = $1 LIMIT $2[0m  [["username", "bagel"], ["LIMIT", 1]]
  ↳ app/controllers/api/users_controller.rb:10
  [1m[36mUser Exists (0.4ms)[0m  [1m[34mSELECT  1 AS one FROM "users" WHERE "users"."email" = $1 LIMIT $2[0m  [["email", "string1"], ["LIMIT", 1]]
  ↳ app/controllers/api/users_controller.rb:10
  [1m[36mUser Exists (1.3ms)[0m  [1m[34mSELECT  1 AS one FROM "users" WHERE "users"."session_token" = $1 LIMIT $2[0m  [["session_token", "k3lVHZUwMhQ5RfoM8WiMqA"], ["LIMIT", 1]]
  ↳ app/controllers/api/users_controller.rb:10
  [1m[35m (0.7ms)[0m  [1m[31mROLLBACK[0m
  ↳ app/controllers/api/users_controller.rb:10
Completed 422 Unprocessable Entity in 492ms (Views: 0.4ms | ActiveRecord: 41.0ms)


Started POST "/api/users" for ::1 at 2019-09-03 16:31:29 -0700
Processing by Api::UsersController#create as 
  Parameters: {"user"=>{"username"=>"bagel2", "email"=>"string2", "password"=>"[FILTERED]"}}
  [1m[35m (0.1ms)[0m  [1m[35mBEGIN[0m
  ↳ app/controllers/api/users_controller.rb:10
  [1m[36mUser Exists (0.4ms)[0m  [1m[34mSELECT  1 AS one FROM "users" WHERE "users"."username" = $1 LIMIT $2[0m  [["username", "bagel2"], ["LIMIT", 1]]
  ↳ app/controllers/api/users_controller.rb:10
  [1m[36mUser Exists (0.3ms)[0m  [1m[34mSELECT  1 AS one FROM "users" WHERE "users"."email" = $1 LIMIT $2[0m  [["email", "string2"], ["LIMIT", 1]]
  ↳ app/controllers/api/users_controller.rb:10
  [1m[36mUser Exists (0.4ms)[0m  [1m[34mSELECT  1 AS one FROM "users" WHERE "users"."session_token" = $1 LIMIT $2[0m  [["session_token", "nt-tUAQf2UW0pcjgiqagow"], ["LIMIT", 1]]
  ↳ app/controllers/api/users_controller.rb:10
  [1m[36mUser Create (10.4ms)[0m  [1m[32mINSERT INTO "users" ("username", "email", "password_digest", "session_token", "created_at", "updated_at") VALUES ($1, $2, $3, $4, $5, $6) RETURNING "id"[0m  [["username", "bagel2"], ["email", "string2"], ["password_digest", "$2a$12$IhF52p.gvzZ297.ZOvmzhO.5doX2Wc.URl2/2D8rEFnrDjOXv.eYu"], ["session_token", "nt-tUAQf2UW0pcjgiqagow"], ["created_at", "2019-09-03 23:31:29.312167"], ["updated_at", "2019-09-03 23:31:29.312167"]]
  ↳ app/controllers/api/users_controller.rb:10
  [1m[35m (120.4ms)[0m  [1m[35mCOMMIT[0m
  ↳ app/controllers/api/users_controller.rb:10
  [1m[35m (0.4ms)[0m  [1m[35mBEGIN[0m
  ↳ app/models/user.rb:44
  [1m[36mUser Exists (1.1ms)[0m  [1m[34mSELECT  1 AS one FROM "users" WHERE "users"."username" = $1 AND "users"."id" != $2 LIMIT $3[0m  [["username", "bagel2"], ["id", 2], ["LIMIT", 1]]
  ↳ app/models/user.rb:44
  [1m[36mUser Exists (1.2ms)[0m  [1m[34mSELECT  1 AS one FROM "users" WHERE "users"."email" = $1 AND "users"."id" != $2 LIMIT $3[0m  [["email", "string2"], ["id", 2], ["LIMIT", 1]]
  ↳ app/models/user.rb:44
  [1m[36mUser Exists (0.7ms)[0m  [1m[34mSELECT  1 AS one FROM "users" WHERE "users"."session_token" = $1 AND "users"."id" != $2 LIMIT $3[0m  [["session_token", "bEPxqv3cej5KojD0HX-9Qg"], ["id", 2], ["LIMIT", 1]]
  ↳ app/models/user.rb:44
  [1m[36mUser Update (1.2ms)[0m  [1m[33mUPDATE "users" SET "session_token" = $1, "updated_at" = $2 WHERE "users"."id" = $3[0m  [["session_token", "bEPxqv3cej5KojD0HX-9Qg"], ["updated_at", "2019-09-03 23:31:29.458569"], ["id", 2]]
  ↳ app/models/user.rb:44
  [1m[35m (23.6ms)[0m  [1m[35mCOMMIT[0m
  ↳ app/models/user.rb:44
  Rendering api/users/show.json.jbuilder
  Rendered api/users/_user.json.jbuilder (0.3ms)
  Rendered api/users/show.json.jbuilder (2.2ms)
Completed 200 OK in 450ms (Views: 9.3ms | ActiveRecord: 160.3ms)


Started POST "/api/session" for ::1 at 2019-09-03 16:32:13 -0700
Processing by Api::SessionsController#create as 
  Parameters: {"user"=>{"email"=>"string1", "password"=>"[FILTERED]"}}
  [1m[36mUser Load (0.4ms)[0m  [1m[34mSELECT  "users".* FROM "users" WHERE "users"."email" = $1 LIMIT $2[0m  [["email", "string1"], ["LIMIT", 1]]
  ↳ app/models/user.rb:29
Completed 500 Internal Server Error in 380ms (ActiveRecord: 0.7ms)



NameError - undefined local variable or method `user' for #<Api::SessionsController:0x00007fcd11f12eb8>
Did you mean?  @user:
  app/controllers/api/sessions_controller.rb:12:in `create'

Started POST "/api/session" for ::1 at 2019-09-03 16:35:17 -0700
Processing by Api::SessionsController#create as 
  Parameters: {"user"=>{"username"=>"bagel", "email"=>"string1", "password"=>"[FILTERED]"}}
  [1m[36mUser Load (0.3ms)[0m  [1m[34mSELECT  "users".* FROM "users" WHERE "users"."email" = $1 LIMIT $2[0m  [["email", "string1"], ["LIMIT", 1]]
  ↳ app/models/user.rb:29
Completed 500 Internal Server Error in 457ms (ActiveRecord: 8.0ms)



NameError - undefined local variable or method `user' for #<Api::SessionsController:0x00007fcd125016d0>
Did you mean?  @user:
  app/controllers/api/sessions_controller.rb:12:in `create'

Started POST "/api/session" for ::1 at 2019-09-03 16:36:13 -0700
Processing by Api::SessionsController#create as 
  Parameters: {"user"=>{"username"=>"bagel", "email"=>"string1", "password"=>"[FILTERED]"}}
  [1m[36mUser Load (0.4ms)[0m  [1m[34mSELECT  "users".* FROM "users" WHERE "users"."email" = $1 LIMIT $2[0m  [["email", "string1"], ["LIMIT", 1]]
  ↳ app/models/user.rb:29
Completed 500 Internal Server Error in 383ms (ActiveRecord: 0.4ms)



NameError - undefined local variable or method `user' for #<Api::SessionsController:0x00007fcd126e6220>
Did you mean?  @user:
  app/controllers/api/sessions_controller.rb:12:in `create'

Started GET "/" for ::1 at 2019-09-03 16:36:21 -0700
Processing by StaticPagesController#root as HTML
  Rendering static_pages/root.html.erb within layouts/application
  Rendered static_pages/root.html.erb within layouts/application (0.5ms)
Completed 200 OK in 499ms (Views: 497.4ms | ActiveRecord: 0.0ms)


Started POST "/api/session" for ::1 at 2019-09-03 16:36:24 -0700
Processing by Api::SessionsController#create as 
  Parameters: {"user"=>{"username"=>"bagel", "email"=>"string1", "password"=>"[FILTERED]"}}
  [1m[36mUser Load (0.5ms)[0m  [1m[34mSELECT  "users".* FROM "users" WHERE "users"."email" = $1 LIMIT $2[0m  [["email", "string1"], ["LIMIT", 1]]
  ↳ app/models/user.rb:29
Completed 500 Internal Server Error in 435ms (ActiveRecord: 0.5ms)



NameError - undefined local variable or method `user' for #<Api::SessionsController:0x00007fcd114bc338>
Did you mean?  @user:
  app/controllers/api/sessions_controller.rb:12:in `create'

Started POST "/api/users" for ::1 at 2019-09-03 16:38:00 -0700
Processing by Api::UsersController#create as 
  Parameters: {"user"=>{"username"=>"bagel3", "email"=>"string3", "password"=>"[FILTERED]"}}
  [1m[35m (0.1ms)[0m  [1m[35mBEGIN[0m
  ↳ app/controllers/api/users_controller.rb:5
  [1m[36mUser Exists (0.3ms)[0m  [1m[34mSELECT  1 AS one FROM "users" WHERE "users"."username" = $1 LIMIT $2[0m  [["username", "bagel3"], ["LIMIT", 1]]
  ↳ app/controllers/api/users_controller.rb:5
  [1m[36mUser Exists (0.3ms)[0m  [1m[34mSELECT  1 AS one FROM "users" WHERE "users"."email" = $1 LIMIT $2[0m  [["email", "string3"], ["LIMIT", 1]]
  ↳ app/controllers/api/users_controller.rb:5
  [1m[36mUser Exists (0.3ms)[0m  [1m[34mSELECT  1 AS one FROM "users" WHERE "users"."session_token" = $1 LIMIT $2[0m  [["session_token", "c-QiXr5VBgZSOithL8Fs5Q"], ["LIMIT", 1]]
  ↳ app/controllers/api/users_controller.rb:5
  [1m[36mUser Create (0.4ms)[0m  [1m[32mINSERT INTO "users" ("username", "email", "password_digest", "session_token", "created_at", "updated_at") VALUES ($1, $2, $3, $4, $5, $6) RETURNING "id"[0m  [["username", "bagel3"], ["email", "string3"], ["password_digest", "$2a$12$IEAf.xNinPazo6rnjyNepejA8RP.QwPEFRrERLDO9hfpvEC5I1xc2"], ["session_token", "c-QiXr5VBgZSOithL8Fs5Q"], ["created_at", "2019-09-03 23:38:00.952701"], ["updated_at", "2019-09-03 23:38:00.952701"]]
  ↳ app/controllers/api/users_controller.rb:5
  [1m[35m (4.8ms)[0m  [1m[35mCOMMIT[0m
  ↳ app/controllers/api/users_controller.rb:5
  [1m[35m (0.1ms)[0m  [1m[35mBEGIN[0m
  ↳ app/models/user.rb:44
  [1m[36mUser Exists (0.4ms)[0m  [1m[34mSELECT  1 AS one FROM "users" WHERE "users"."username" = $1 AND "users"."id" != $2 LIMIT $3[0m  [["username", "bagel3"], ["id", 3], ["LIMIT", 1]]
  ↳ app/models/user.rb:44
  [1m[36mUser Exists (0.4ms)[0m  [1m[34mSELECT  1 AS one FROM "users" WHERE "users"."email" = $1 AND "users"."id" != $2 LIMIT $3[0m  [["email", "string3"], ["id", 3], ["LIMIT", 1]]
  ↳ app/models/user.rb:44
  [1m[36mUser Exists (0.4ms)[0m  [1m[34mSELECT  1 AS one FROM "users" WHERE "users"."session_token" = $1 AND "users"."id" != $2 LIMIT $3[0m  [["session_token", "9v7IR3nniVRJAW9ph0lFIA"], ["id", 3], ["LIMIT", 1]]
  ↳ app/models/user.rb:44
  [1m[36mUser Update (0.4ms)[0m  [1m[33mUPDATE "users" SET "session_token" = $1, "updated_at" = $2 WHERE "users"."id" = $3[0m  [["session_token", "9v7IR3nniVRJAW9ph0lFIA"], ["updated_at", "2019-09-03 23:38:00.964206"], ["id", 3]]
  ↳ app/models/user.rb:44
  [1m[35m (4.4ms)[0m  [1m[35mCOMMIT[0m
  ↳ app/models/user.rb:44
  Rendering api/users/show.json.jbuilder
  Rendered api/users/_user.json.jbuilder (0.4ms)
  Rendered api/users/show.json.jbuilder (2.3ms)
Completed 200 OK in 292ms (Views: 10.4ms | ActiveRecord: 12.2ms)


Started POST "/api/session" for ::1 at 2019-09-03 16:41:47 -0700
Processing by Api::SessionsController#create as 
  Parameters: {"user"=>{"username"=>"bagel", "email"=>"string1", "password"=>"[FILTERED]"}}
  [1m[36mUser Load (0.7ms)[0m  [1m[34mSELECT  "users".* FROM "users" WHERE "users"."email" = $1 LIMIT $2[0m  [["email", "string1"], ["LIMIT", 1]]
  ↳ app/models/user.rb:29
Completed 500 Internal Server Error in 597ms (ActiveRecord: 0.7ms)



NameError - undefined local variable or method `user' for #<Api::SessionsController:0x00007fcd1270fbe8>
Did you mean?  @user:
  app/controllers/api/sessions_controller.rb:12:in `create'

Started POST "/api/session" for ::1 at 2019-09-03 16:44:59 -0700
Processing by Api::SessionsController#create as 
  Parameters: {"user"=>{"username"=>"bagel", "email"=>"string1", "password"=>"[FILTERED]"}}
  [1m[36mUser Load (0.8ms)[0m  [1m[34mSELECT  "users".* FROM "users" WHERE "users"."email" = $1 LIMIT $2[0m  [["email", "string1"], ["LIMIT", 1]]
  ↳ app/models/user.rb:29
Completed 401 Unauthorized in 374ms (Views: 0.4ms | ActiveRecord: 8.8ms)


Started POST "/api/session" for ::1 at 2019-09-03 16:45:20 -0700
Processing by Api::SessionsController#create as 
  Parameters: {"user"=>{"username"=>"bagel2", "email"=>"string2", "password"=>"[FILTERED]"}}
  [1m[36mUser Load (0.3ms)[0m  [1m[34mSELECT  "users".* FROM "users" WHERE "users"."email" = $1 LIMIT $2[0m  [["email", "string2"], ["LIMIT", 1]]
  ↳ app/models/user.rb:29
Completed 401 Unauthorized in 307ms (Views: 0.5ms | ActiveRecord: 0.3ms)


Started GET "/" for ::1 at 2019-09-03 16:51:54 -0700
  [1m[35m (0.8ms)[0m  [1m[34mSELECT "schema_migrations"."version" FROM "schema_migrations" ORDER BY "schema_migrations"."version" ASC[0m
  ↳ /var/lib/gems/2.5.0/gems/better_errors-2.5.1/lib/better_errors/middleware.rb:84
Processing by StaticPagesController#root as HTML
  Rendering static_pages/root.html.erb within layouts/application
  Rendered static_pages/root.html.erb within layouts/application (5.8ms)
Completed 200 OK in 2575ms (Views: 2563.4ms | ActiveRecord: 0.0ms)


Started POST "/api/session" for ::1 at 2019-09-03 16:53:12 -0700
Processing by Api::SessionsController#create as 
  Parameters: {"user"=>{"username"=>"bagel2", "email"=>"string2", "password"=>"[FILTERED]"}}
  [1m[36mUser Load (0.4ms)[0m  [1m[34mSELECT  "users".* FROM "users" WHERE "users"."email" = $1 LIMIT $2[0m  [["email", "string2"], ["LIMIT", 1]]
  ↳ app/models/user.rb:29
Completed 401 Unauthorized in 349ms (Views: 0.3ms | ActiveRecord: 6.7ms)


Started POST "/api/session" for ::1 at 2019-09-03 16:53:43 -0700
Processing by Api::SessionsController#create as 
  Parameters: {"user"=>{"username"=>"bagel2", "email"=>"string2", "password"=>"[FILTERED]"}}
  [1m[36mUser Load (0.4ms)[0m  [1m[34mSELECT  "users".* FROM "users" LIMIT $1[0m  [["LIMIT", 11]]
  ↳ app/controllers/api/sessions_controller.rb:11
  [1m[36mUser Load (0.5ms)[0m  [1m[34mSELECT  "users".* FROM "users" ORDER BY "users"."id" ASC LIMIT $1[0m  [["LIMIT", 1]]
  ↳ (byebug):1
  [1m[36mCACHE User Load (0.0ms)[0m  [1m[34mSELECT  "users".* FROM "users" ORDER BY "users"."id" ASC LIMIT $1[0m  [["LIMIT", 1]]
  ↳ (byebug):1
  [1m[35m (0.6ms)[0m  [1m[35mBEGIN[0m
  ↳ (byebug):1
  [1m[36mUser Exists (0.7ms)[0m  [1m[34mSELECT  1 AS one FROM "users" WHERE "users"."username" = $1 AND "users"."id" != $2 LIMIT $3[0m  [["username", "bagel"], ["id", 1], ["LIMIT", 1]]
  ↳ (byebug):1
  [1m[36mUser Exists (0.4ms)[0m  [1m[34mSELECT  1 AS one FROM "users" WHERE "users"."email" = $1 AND "users"."id" != $2 LIMIT $3[0m  [["email", "string1"], ["id", 1], ["LIMIT", 1]]
  ↳ (byebug):1
  [1m[36mUser Exists (0.7ms)[0m  [1m[34mSELECT  1 AS one FROM "users" WHERE "users"."session_token" = $1 AND "users"."id" != $2 LIMIT $3[0m  [["session_token", "56cfhoWekv84nBKqr1tHeA"], ["id", 1], ["LIMIT", 1]]
  ↳ (byebug):1
  [1m[36mUser Update (0.7ms)[0m  [1m[33mUPDATE "users" SET "password_digest" = $1, "updated_at" = $2 WHERE "users"."id" = $3[0m  [["password_digest", "$2a$12$KYWYzvAWXQIbDt2iVmxzF.PQTXzUcYKnJlk/qHqLEvnY/M7G2vlFu"], ["updated_at", "2019-09-03 23:55:22.740000"], ["id", 1]]
  ↳ (byebug):1
  [1m[35m (9.3ms)[0m  [1m[35mCOMMIT[0m
  ↳ (byebug):1
  [1m[36mUser Load (0.4ms)[0m  [1m[34mSELECT  "users".* FROM "users" WHERE "users"."email" = $1 LIMIT $2[0m  [["email", "string2"], ["LIMIT", 1]]
  ↳ app/models/user.rb:29
Completed 401 Unauthorized in 122446ms (Views: 0.4ms | ActiveRecord: 21.8ms)


Started POST "/api/session" for ::1 at 2019-09-03 16:56:13 -0700
Processing by Api::SessionsController#create as 
  Parameters: {"user"=>{"username"=>"bagel", "email"=>"string1", "password"=>"[FILTERED]"}}
  [1m[36mUser Load (0.7ms)[0m  [1m[34mSELECT  "users".* FROM "users" WHERE "users"."email" = $1 LIMIT $2[0m  [["email", "string1"], ["LIMIT", 1]]
  ↳ app/models/user.rb:29
  [1m[36mUser Load (5.4ms)[0m  [1m[34mSELECT  "users".* FROM "users" ORDER BY "users"."id" ASC LIMIT $1[0m  [["LIMIT", 1]]
  ↳ (byebug):1
  [1m[36mCACHE User Load (0.0ms)[0m  [1m[34mSELECT  "users".* FROM "users" WHERE "users"."email" = $1 LIMIT $2[0m  [["email", "string1"], ["LIMIT", 1]]
  ↳ app/models/user.rb:29
Completed 401 Unauthorized in 228667ms (Views: 0.4ms | ActiveRecord: 6.1ms)


Started POST "/api/session" for ::1 at 2019-09-03 17:00:10 -0700
Processing by Api::SessionsController#create as 
  Parameters: {"user"=>{"username"=>"bagel", "email"=>"string1", "password"=>"[FILTERED]"}}
  [1m[36mUser Load (0.4ms)[0m  [1m[34mSELECT  "users".* FROM "users" WHERE "users"."email" = $1 LIMIT $2[0m  [["email", "string1"], ["LIMIT", 1]]
  ↳ app/models/user.rb:29
  [1m[35m (0.3ms)[0m  [1m[35mBEGIN[0m
  ↳ app/models/user.rb:44
  [1m[36mUser Exists (0.7ms)[0m  [1m[34mSELECT  1 AS one FROM "users" WHERE "users"."username" = $1 AND "users"."id" != $2 LIMIT $3[0m  [["username", "bagel"], ["id", 1], ["LIMIT", 1]]
  ↳ app/models/user.rb:44
  [1m[36mUser Exists (0.6ms)[0m  [1m[34mSELECT  1 AS one FROM "users" WHERE "users"."email" = $1 AND "users"."id" != $2 LIMIT $3[0m  [["email", "string1"], ["id", 1], ["LIMIT", 1]]
  ↳ app/models/user.rb:44
  [1m[36mUser Exists (0.6ms)[0m  [1m[34mSELECT  1 AS one FROM "users" WHERE "users"."session_token" = $1 AND "users"."id" != $2 LIMIT $3[0m  [["session_token", "FSfr74iy6_yhAnnZwZCbPQ"], ["id", 1], ["LIMIT", 1]]
  ↳ app/models/user.rb:44
  [1m[36mUser Update (24.9ms)[0m  [1m[33mUPDATE "users" SET "session_token" = $1, "updated_at" = $2 WHERE "users"."id" = $3[0m  [["session_token", "FSfr74iy6_yhAnnZwZCbPQ"], ["updated_at", "2019-09-04 00:00:10.920984"], ["id", 1]]
  ↳ app/models/user.rb:44
  [1m[35m (33.8ms)[0m  [1m[35mCOMMIT[0m
  ↳ app/models/user.rb:44
  Rendering api/users/show.json.jbuilder
  Rendered api/users/_user.json.jbuilder (0.6ms)
  Rendered api/users/show.json.jbuilder (11.5ms)
Completed 200 OK in 412ms (Views: 21.7ms | ActiveRecord: 66.8ms)


Started DELETE "/api/session" for ::1 at 2019-09-03 17:05:53 -0700
Processing by Api::SessionsController#destroy as 
  [1m[36mUser Load (0.4ms)[0m  [1m[34mSELECT  "users".* FROM "users" WHERE "users"."session_token" = $1 LIMIT $2[0m  [["session_token", "FSfr74iy6_yhAnnZwZCbPQ"], ["LIMIT", 1]]
  ↳ app/controllers/application_controller.rb:9
  [1m[35m (0.2ms)[0m  [1m[35mBEGIN[0m
  ↳ app/models/user.rb:44
  [1m[36mUser Exists (0.7ms)[0m  [1m[34mSELECT  1 AS one FROM "users" WHERE "users"."username" = $1 AND "users"."id" != $2 LIMIT $3[0m  [["username", "bagel"], ["id", 1], ["LIMIT", 1]]
  ↳ app/models/user.rb:44
  [1m[36mUser Exists (0.5ms)[0m  [1m[34mSELECT  1 AS one FROM "users" WHERE "users"."email" = $1 AND "users"."id" != $2 LIMIT $3[0m  [["email", "string1"], ["id", 1], ["LIMIT", 1]]
  ↳ app/models/user.rb:44
  [1m[36mUser Exists (0.8ms)[0m  [1m[34mSELECT  1 AS one FROM "users" WHERE "users"."session_token" = $1 AND "users"."id" != $2 LIMIT $3[0m  [["session_token", "TEJi31UDJSptdHlvfYIv4w"], ["id", 1], ["LIMIT", 1]]
  ↳ app/models/user.rb:44
  [1m[36mUser Update (0.7ms)[0m  [1m[33mUPDATE "users" SET "session_token" = $1, "updated_at" = $2 WHERE "users"."id" = $3[0m  [["session_token", "TEJi31UDJSptdHlvfYIv4w"], ["updated_at", "2019-09-04 00:05:53.487600"], ["id", 1]]
  ↳ app/models/user.rb:44
  [1m[35m (27.7ms)[0m  [1m[35mCOMMIT[0m
  ↳ app/models/user.rb:44
Completed 200 OK in 45ms (Views: 0.2ms | ActiveRecord: 31.0ms)


Started GET "/" for ::1 at 2019-09-03 20:37:22 -0700
  [1m[35m (14.8ms)[0m  [1m[34mSELECT "schema_migrations"."version" FROM "schema_migrations" ORDER BY "schema_migrations"."version" ASC[0m
  ↳ /var/lib/gems/2.5.0/gems/better_errors-2.5.1/lib/better_errors/middleware.rb:84
Processing by StaticPagesController#root as HTML
  Rendering static_pages/root.html.erb within layouts/application
  Rendered static_pages/root.html.erb within layouts/application (2.7ms)
Completed 200 OK in 2685ms (Views: 2683.6ms | ActiveRecord: 0.0ms)


Started GET "/" for ::1 at 2019-09-03 20:39:21 -0700
Processing by StaticPagesController#root as HTML
  Rendering static_pages/root.html.erb within layouts/application
  Rendered static_pages/root.html.erb within layouts/application (0.5ms)
Completed 200 OK in 395ms (Views: 393.5ms | ActiveRecord: 0.0ms)


Started GET "/" for ::1 at 2019-09-03 20:41:53 -0700
Processing by StaticPagesController#root as HTML
  Rendering static_pages/root.html.erb within layouts/application
  Rendered static_pages/root.html.erb within layouts/application (0.4ms)
Completed 200 OK in 357ms (Views: 355.5ms | ActiveRecord: 0.0ms)


